Initializing conda environment...
Using Python: /data/guangyuh/miniconda3/bin/python
Python version: Python 3.9.7
Starting predicate generation at Thu Nov 21 08:40:59 AM CST 2024
[1/319] Processing /data/guangyuh/coding_env/ic3ng-fork/samples/hwmcc_btor2_bv/2019/beem/anderson.3.prop1-func-interl.btor2...
✗ Failed: /data/guangyuh/coding_env/ic3ng-fork/samples/hwmcc_btor2_bv/2019/beem/anderson.3.prop1-func-interl.btor2
----------------------------------------
[2/319] Processing /data/guangyuh/coding_env/ic3ng-fork/samples/hwmcc_btor2_bv/2019/beem/brp2.3.prop2-func-interl.btor2...
Initializing conda environment...
Using Python: /data/guangyuh/miniconda3/bin/python
Python version: Python 3.9.7
Starting predicate generation at Thu Nov 21 08:44:51 AM CST 2024
[1/319] Processing /data/guangyuh/coding_env/ic3ng-fork/samples/hwmcc_btor2_bv/2019/beem/anderson.3.prop1-func-interl.btor2...
✗ Failed: /data/guangyuh/coding_env/ic3ng-fork/samples/hwmcc_btor2_bv/2019/beem/anderson.3.prop1-func-interl.btor2
----------------------------------------
[2/319] Processing /data/guangyuh/coding_env/ic3ng-fork/samples/hwmcc_btor2_bv/2019/beem/brp2.3.prop2-func-interl.btor2...
Initializing conda environment...
Using Python: /data/guangyuh/miniconda3/bin/python
Python version: Python 3.9.7
Starting predicate generation at Thu Nov 21 08:45:23 AM CST 2024
[1/319] Processing /data/guangyuh/coding_env/ic3ng-fork/samples/hwmcc_btor2_bv/2019/beem/anderson.3.prop1-func-interl.btor2...
✓ Success: /data/guangyuh/coding_env/ic3ng-fork/samples/hwmcc_btor2_bv/2019/beem/anderson.3.prop1-func-interl.btor2
----------------------------------------
[2/319] Processing /data/guangyuh/coding_env/ic3ng-fork/samples/hwmcc_btor2_bv/2019/beem/brp2.3.prop2-func-interl.btor2...
Initializing conda environment...
Using Python: /data/guangyuh/miniconda3/bin/python
Python version: Python 3.9.7
Starting predicate generation at Thu Nov 21 08:45:48 AM CST 2024
[1/319] Processing /data/guangyuh/coding_env/ic3ng-fork/samples/hwmcc_btor2_bv/2019/beem/anderson.3.prop1-func-interl.btor2...
✓ Success: /data/guangyuh/coding_env/ic3ng-fork/samples/hwmcc_btor2_bv/2019/beem/anderson.3.prop1-func-interl.btor2
----------------------------------------
[2/319] Processing /data/guangyuh/coding_env/ic3ng-fork/samples/hwmcc_btor2_bv/2019/beem/brp2.3.prop2-func-interl.btor2...
✗ Failed: /data/guangyuh/coding_env/ic3ng-fork/samples/hwmcc_btor2_bv/2019/beem/brp2.3.prop2-func-interl.btor2
----------------------------------------
[3/319] Processing /data/guangyuh/coding_env/ic3ng-fork/samples/hwmcc_btor2_bv/2019/beem/elevator.3.prop1-back-serstep.btor2...
✗ Failed: /data/guangyuh/coding_env/ic3ng-fork/samples/hwmcc_btor2_bv/2019/beem/elevator.3.prop1-back-serstep.btor2
----------------------------------------
[4/319] Processing /data/guangyuh/coding_env/ic3ng-fork/samples/hwmcc_btor2_bv/2019/beem/lamport_nonatomic.5.prop1-back-serstep.btor2...
Initializing conda environment...
Using Python: /data/guangyuh/miniconda3/bin/python
Python version: Python 3.9.7
Starting predicate generation at Thu Nov 21 08:49:20 AM CST 2024
[1/319] Processing /data/guangyuh/coding_env/ic3ng-fork/samples/hwmcc_btor2_bv/2019/beem/anderson.3.prop1-func-interl.btor2...
✗ Failed: /data/guangyuh/coding_env/ic3ng-fork/samples/hwmcc_btor2_bv/2019/beem/anderson.3.prop1-func-interl.btor2
----------------------------------------
[2/319] Processing /data/guangyuh/coding_env/ic3ng-fork/samples/hwmcc_btor2_bv/2019/beem/brp2.3.prop2-func-interl.btor2...
Initializing conda environment...
Using Python: /data/guangyuh/miniconda3/bin/python
Python version: Python 3.9.7
Starting predicate generation at Thu Nov 21 09:20:08 AM CST 2024
[1/319] Processing /data/guangyuh/coding_env/ic3ng-fork/samples/hwmcc_btor2_bv/2019/beem/anderson.3.prop1-func-interl.btor2...
Initializing conda environment...
Using Python: /data/guangyuh/miniconda3/bin/python
Python version: Python 3.9.7
Starting predicate generation at Thu Nov 21 09:21:28 AM CST 2024
[1/319] Processing /data/guangyuh/coding_env/ic3ng-fork/samples/hwmcc_btor2_bv/2019/beem/anderson.3.prop1-func-interl.btor2...
Initializing conda environment...
Using Python: /data/guangyuh/miniconda3/bin/python
Python version: Python 3.9.7
Starting predicate generation at Thu Nov 21 09:21:43 AM CST 2024
[1/319] Processing /data/guangyuh/coding_env/ic3ng-fork/samples/hwmcc_btor2_bv/2019/beem/anderson.3.prop1-func-interl.btor2...
Initializing conda environment...
Using Python: /data/guangyuh/miniconda3/bin/python
Python version: Python 3.9.7
Starting predicate generation at Thu Nov 21 09:22:22 AM CST 2024
[1/319] Processing /data/guangyuh/coding_env/ic3ng-fork/samples/hwmcc_btor2_bv/2019/beem/anderson.3.prop1-func-interl.btor2...
Initializing conda environment...
Using Python: /data/guangyuh/miniconda3/bin/python
Python version: Python 3.9.7
Starting predicate generation at Thu Nov 21 09:22:58 AM CST 2024
[1/319] Processing /data/guangyuh/coding_env/ic3ng-fork/samples/hwmcc_btor2_bv/2019/beem/anderson.3.prop1-func-interl.btor2...
Initializing conda environment...
Using Python: /data/guangyuh/miniconda3/bin/python
Python version: Python 3.9.7
Starting predicate generation at Thu Nov 21 09:27:42 AM CST 2024
[1/319] Processing /data/guangyuh/coding_env/ic3ng-fork/samples/hwmcc_btor2_bv/2019/beem/anderson.3.prop1-func-interl.btor2...
✓ Success: /data/guangyuh/coding_env/ic3ng-fork/samples/hwmcc_btor2_bv/2019/beem/anderson.3.prop1-func-interl.btor2
----------------------------------------
[2/319] Processing /data/guangyuh/coding_env/ic3ng-fork/samples/hwmcc_btor2_bv/2019/beem/brp2.3.prop2-func-interl.btor2...
